<?xml version="1.0" encoding="UTF-8"?>
<!-- Generated by org.testng.reporters.JUnitReportReporter -->
<testsuite hostname="Yaminis-MacBook-Air.local" failures="0" tests="5" name="com.test.tests.TekArchApiTestScriptE2E" time="24.947" errors="0" timestamp="2022-06-12T20:58:24 PDT" skipped="0">
  <testcase classname="com.test.tests.TekArchApiTestScriptE2E" name="TC_001_validLogin" time="6.229"/>
  <system-out/>
  <testcase classname="com.test.tests.TekArchApiTestScriptE2E" name="TC_002_addUserData" time="3.242"/>
  <system-out/>
  <testcase classname="com.test.tests.TekArchApiTestScriptE2E" name="TC_003_getUserData" time="8.316"/>
  <system-out/>
  <testcase classname="com.test.tests.TekArchApiTestScriptE2E" name="TC_004_updateUserData" time="3.945"/>
  <system-out/>
  <testcase classname="com.test.tests.TekArchApiTestScriptE2E" name="TC_005_deleteUserData" time="3.215"/>
  <system-out/>
</testsuite> <!-- com.test.tests.TekArchApiTestScriptE2E -->
